e:\datastructure\finaly\x64\debug\finaly.pch
e:\datastructure\x64\debug\finaly.pdb
e:\datastructure\x64\debug\finaly.idb
e:\datastructure\finaly\x64\debug\pch.obj
e:\datastructure\finaly\x64\debug\8.obj
e:\datastructure\finaly\x64\debug\6.obj
e:\datastructure\finaly\x64\debug\4.obj
e:\datastructure\finaly\x64\debug\2.obj
e:\datastructure\finaly\x64\debug\2-2.obj
e:\datastructure\finaly\x64\debug\2-1.obj
e:\datastructure\finaly\x64\debug\1.obj
e:\datastructure\finaly\x64\debug\string.obj
e:\datastructure\finaly\x64\debug\object.obj
e:\datastructure\finaly\x64\debug\list.obj
e:\datastructure\finaly\x64\debug\graph.obj
e:\datastructure\finaly\x64\debug\finaly.obj
e:\datastructure\finaly\x64\debug\exception.obj
e:\datastructure\finaly\x64\debug\finaly.tlog\cl.command.1.tlog
e:\datastructure\finaly\x64\debug\finaly.tlog\cl.read.1.tlog
e:\datastructure\finaly\x64\debug\finaly.tlog\cl.write.1.tlog
